#! /usr/bin/vvp
:ivl_version "10.3 (stable)";
:ivl_delay_selection "TYPICAL";
:vpi_time_precision - 12;
:vpi_module "system";
:vpi_module "vhdl_sys";
:vpi_module "v2005_math";
:vpi_module "va_math";
S_0x55e7da6d3e20 .scope module, "tb_store_reg" "tb_store_reg" 2 22;
 .timescale -9 -12;
L_0x7f640dcf0018 .functor BUFT 1, C4<1>, C4<0>, C4<0>, C4<0>;
L_0x55e7da693320 .functor XNOR 1, v0x55e7da6f3700_0, L_0x7f640dcf0018, C4<0>, C4<0>;
L_0x55e7da692ee0 .functor AND 1, L_0x55e7da693320, L_0x55e7da72dd50, C4<1>, C4<1>;
L_0x7f640dcf00a8 .functor BUFT 1, C4<1>, C4<0>, C4<0>, C4<0>;
L_0x55e7da692cc0 .functor XNOR 1, v0x55e7da6f4510_0, L_0x7f640dcf00a8, C4<0>, C4<0>;
L_0x55e7da693100 .functor AND 1, L_0x55e7da692cc0, L_0x55e7da72df90, C4<1>, C4<1>;
L_0x55e7da693210 .functor OR 1, L_0x55e7da692ee0, L_0x55e7da693100, C4<0>, C4<0>;
L_0x7f640dcf0138 .functor BUFT 1, C4<1>, C4<0>, C4<0>, C4<0>;
L_0x55e7da692ff0 .functor XNOR 1, v0x55e7da6f5550_0, L_0x7f640dcf0138, C4<0>, C4<0>;
L_0x55e7da692dd0 .functor AND 1, L_0x55e7da692ff0, L_0x55e7da72e350, C4<1>, C4<1>;
L_0x55e7da72e4e0 .functor OR 1, L_0x55e7da693210, L_0x55e7da692dd0, C4<0>, C4<0>;
L_0x7f640dcf0258 .functor BUFT 1, C4<1>, C4<0>, C4<0>, C4<0>;
L_0x55e7da72e800 .functor XNOR 1, v0x55e7da6f3700_0, L_0x7f640dcf0258, C4<0>, C4<0>;
L_0x55e7da72ea30 .functor AND 1, L_0x55e7da72e800, L_0x55e7da72e900, C4<1>, C4<1>;
L_0x7f640dcf02e8 .functor BUFT 1, C4<1>, C4<0>, C4<0>, C4<0>;
L_0x55e7da72eb50 .functor XNOR 1, v0x55e7da6f4510_0, L_0x7f640dcf02e8, C4<0>, C4<0>;
L_0x55e7da72ed30 .functor AND 1, L_0x55e7da72eb50, L_0x55e7da72ec50, C4<1>, C4<1>;
L_0x55e7da72eeb0 .functor OR 1, L_0x55e7da72ea30, L_0x55e7da72ed30, C4<0>, C4<0>;
L_0x7f640dcf0378 .functor BUFT 1, C4<1>, C4<0>, C4<0>, C4<0>;
L_0x55e7da72efc0 .functor XNOR 1, v0x55e7da6f5550_0, L_0x7f640dcf0378, C4<0>, C4<0>;
L_0x55e7da72ee40 .functor AND 1, L_0x55e7da72efc0, L_0x55e7da72f140, C4<1>, C4<1>;
L_0x55e7da72f2d0 .functor OR 1, L_0x55e7da72eeb0, L_0x55e7da72ee40, C4<0>, C4<0>;
L_0x7f640dcf0498 .functor BUFT 1, C4<1>, C4<0>, C4<0>, C4<0>;
L_0x55e7da72f650 .functor XNOR 1, v0x55e7da6f3700_0, L_0x7f640dcf0498, C4<0>, C4<0>;
L_0x55e7da72f800 .functor AND 1, L_0x55e7da72f650, L_0x55e7da72f710, C4<1>, C4<1>;
L_0x7f640dcf0528 .functor BUFT 1, C4<1>, C4<0>, C4<0>, C4<0>;
L_0x55e7da72f9b0 .functor XNOR 1, v0x55e7da6f4510_0, L_0x7f640dcf0528, C4<0>, C4<0>;
L_0x55e7da72fb60 .functor AND 1, L_0x55e7da72f9b0, L_0x55e7da72fa70, C4<1>, C4<1>;
L_0x55e7da72fcd0 .functor OR 1, L_0x55e7da72f800, L_0x55e7da72fb60, C4<0>, C4<0>;
L_0x7f640dcf05b8 .functor BUFT 1, C4<1>, C4<0>, C4<0>, C4<0>;
L_0x55e7da72fde0 .functor XNOR 1, v0x55e7da6f5550_0, L_0x7f640dcf05b8, C4<0>, C4<0>;
L_0x55e7da72ffb0 .functor AND 1, L_0x55e7da72fde0, L_0x55e7da72f910, C4<1>, C4<1>;
L_0x55e7da7300c0 .functor OR 1, L_0x55e7da72fcd0, L_0x55e7da72ffb0, C4<0>, C4<0>;
L_0x7f640dcf06d8 .functor BUFT 1, C4<1>, C4<0>, C4<0>, C4<0>;
L_0x55e7da7304a0 .functor XNOR 1, v0x55e7da6f3700_0, L_0x7f640dcf06d8, C4<0>, C4<0>;
L_0x55e7da730650 .functor AND 1, L_0x55e7da7304a0, L_0x55e7da730560, C4<1>, C4<1>;
L_0x7f640dcf0768 .functor BUFT 1, C4<1>, C4<0>, C4<0>, C4<0>;
L_0x55e7da730840 .functor XNOR 1, v0x55e7da6f4510_0, L_0x7f640dcf0768, C4<0>, C4<0>;
L_0x55e7da730340 .functor AND 1, L_0x55e7da730840, L_0x55e7da730900, C4<1>, C4<1>;
L_0x55e7da730c00 .functor OR 1, L_0x55e7da730650, L_0x55e7da730340, C4<0>, C4<0>;
L_0x7f640dcf07f8 .functor BUFT 1, C4<1>, C4<0>, C4<0>, C4<0>;
L_0x55e7da730d10 .functor XNOR 1, v0x55e7da6f5550_0, L_0x7f640dcf07f8, C4<0>, C4<0>;
L_0x55e7da730fc0 .functor AND 1, L_0x55e7da730d10, L_0x55e7da730ed0, C4<1>, C4<1>;
L_0x55e7da7310d0 .functor OR 1, L_0x55e7da730c00, L_0x55e7da730fc0, C4<0>, C4<0>;
v0x55e7da718b40_0 .net "C0", 0 0, v0x55e7da6f3700_0;  1 drivers
v0x55e7da718c50_0 .net "C1", 0 0, v0x55e7da6f4510_0;  1 drivers
v0x55e7da718d60_0 .net "C2", 0 0, v0x55e7da6f5550_0;  1 drivers
v0x55e7da718e50_0 .var "CLK", 0 0;
v0x55e7da718f40 .array/i "KARRAY", 23 0, 31 0;
v0x55e7da719030_0 .var/i "KN", 31 0;
v0x55e7da7190f0_0 .net "Kd", 0 0, v0x55e7da712330_0;  1 drivers
v0x55e7da7191e0_0 .net "N", 3 0, L_0x55e7da7323e0;  1 drivers
v0x55e7da7192a0_0 .net "R0", 0 0, L_0x55e7da72e640;  1 drivers
v0x55e7da719340_0 .net "R1", 0 0, L_0x55e7da72f470;  1 drivers
v0x55e7da719430_0 .net "R2", 0 0, L_0x55e7da7302a0;  1 drivers
v0x55e7da719520_0 .net "R3", 0 0, L_0x55e7da7312f0;  1 drivers
v0x55e7da719610_0 .net "V", 0 0, v0x55e7da712ab0_0;  1 drivers
v0x55e7da719700_0 .net/2u *"_s0", 0 0, L_0x7f640dcf0018;  1 drivers
v0x55e7da7197c0_0 .net/2u *"_s10", 0 0, L_0x7f640dcf00a8;  1 drivers
v0x55e7da7198a0_0 .net *"_s100", 0 0, L_0x55e7da72fcd0;  1 drivers
v0x55e7da719980_0 .net/2u *"_s102", 0 0, L_0x7f640dcf05b8;  1 drivers
v0x55e7da719a60_0 .net *"_s104", 0 0, L_0x55e7da72fde0;  1 drivers
L_0x7f640dcf0600 .functor BUFT 1, C4<00000000000000000000000000001001>, C4<0>, C4<0>, C4<0>;
v0x55e7da719b20_0 .net/2s *"_s106", 31 0, L_0x7f640dcf0600;  1 drivers
v0x55e7da719c00_0 .net *"_s108", 0 0, L_0x55e7da72f910;  1 drivers
v0x55e7da719cc0_0 .net *"_s110", 0 0, L_0x55e7da72ffb0;  1 drivers
v0x55e7da719da0_0 .net *"_s112", 0 0, L_0x55e7da7300c0;  1 drivers
L_0x7f640dcf0648 .functor BUFT 1, C4<1>, C4<0>, C4<0>, C4<0>;
v0x55e7da719e80_0 .net/2u *"_s114", 0 0, L_0x7f640dcf0648;  1 drivers
L_0x7f640dcf0690 .functor BUFT 1, C4<0>, C4<0>, C4<0>, C4<0>;
v0x55e7da719f60_0 .net/2u *"_s116", 0 0, L_0x7f640dcf0690;  1 drivers
v0x55e7da71a040_0 .net *"_s12", 0 0, L_0x55e7da692cc0;  1 drivers
v0x55e7da71a100_0 .net/2u *"_s120", 0 0, L_0x7f640dcf06d8;  1 drivers
v0x55e7da71a1e0_0 .net *"_s122", 0 0, L_0x55e7da7304a0;  1 drivers
L_0x7f640dcf0720 .functor BUFT 1, C4<00000000000000000000000000001010>, C4<0>, C4<0>, C4<0>;
v0x55e7da71a2a0_0 .net/2s *"_s124", 31 0, L_0x7f640dcf0720;  1 drivers
v0x55e7da71a380_0 .net *"_s126", 0 0, L_0x55e7da730560;  1 drivers
v0x55e7da71a440_0 .net *"_s128", 0 0, L_0x55e7da730650;  1 drivers
v0x55e7da71a520_0 .net/2u *"_s130", 0 0, L_0x7f640dcf0768;  1 drivers
v0x55e7da71a600_0 .net *"_s132", 0 0, L_0x55e7da730840;  1 drivers
L_0x7f640dcf07b0 .functor BUFT 1, C4<00000000000000000000000000000000>, C4<0>, C4<0>, C4<0>;
v0x55e7da71a6c0_0 .net/2s *"_s134", 31 0, L_0x7f640dcf07b0;  1 drivers
v0x55e7da71a7a0_0 .net *"_s136", 0 0, L_0x55e7da730900;  1 drivers
v0x55e7da71a860_0 .net *"_s138", 0 0, L_0x55e7da730340;  1 drivers
L_0x7f640dcf00f0 .functor BUFT 1, C4<00000000000000000000000000000010>, C4<0>, C4<0>, C4<0>;
v0x55e7da71a940_0 .net/2s *"_s14", 31 0, L_0x7f640dcf00f0;  1 drivers
v0x55e7da71aa20_0 .net *"_s140", 0 0, L_0x55e7da730c00;  1 drivers
v0x55e7da71ab00_0 .net/2u *"_s142", 0 0, L_0x7f640dcf07f8;  1 drivers
v0x55e7da71abe0_0 .net *"_s144", 0 0, L_0x55e7da730d10;  1 drivers
L_0x7f640dcf0840 .functor BUFT 1, C4<00000000000000000000000000001011>, C4<0>, C4<0>, C4<0>;
v0x55e7da71aca0_0 .net/2s *"_s146", 31 0, L_0x7f640dcf0840;  1 drivers
v0x55e7da71ad80_0 .net *"_s148", 0 0, L_0x55e7da730ed0;  1 drivers
v0x55e7da71ae40_0 .net *"_s150", 0 0, L_0x55e7da730fc0;  1 drivers
v0x55e7da71af20_0 .net *"_s152", 0 0, L_0x55e7da7310d0;  1 drivers
L_0x7f640dcf0888 .functor BUFT 1, C4<1>, C4<0>, C4<0>, C4<0>;
v0x55e7da71b000_0 .net/2u *"_s154", 0 0, L_0x7f640dcf0888;  1 drivers
L_0x7f640dcf08d0 .functor BUFT 1, C4<0>, C4<0>, C4<0>, C4<0>;
v0x55e7da71b0e0_0 .net/2u *"_s156", 0 0, L_0x7f640dcf08d0;  1 drivers
v0x55e7da71b1c0_0 .net *"_s16", 0 0, L_0x55e7da72df90;  1 drivers
v0x55e7da71b280_0 .net *"_s18", 0 0, L_0x55e7da693100;  1 drivers
v0x55e7da71b360_0 .net *"_s2", 0 0, L_0x55e7da693320;  1 drivers
v0x55e7da71b420_0 .net *"_s20", 0 0, L_0x55e7da693210;  1 drivers
v0x55e7da71b500_0 .net/2u *"_s22", 0 0, L_0x7f640dcf0138;  1 drivers
v0x55e7da71b5e0_0 .net *"_s24", 0 0, L_0x55e7da692ff0;  1 drivers
L_0x7f640dcf0180 .functor BUFT 1, C4<00000000000000000000000000000011>, C4<0>, C4<0>, C4<0>;
v0x55e7da71b6a0_0 .net/2s *"_s26", 31 0, L_0x7f640dcf0180;  1 drivers
v0x55e7da71b780_0 .net *"_s28", 0 0, L_0x55e7da72e350;  1 drivers
v0x55e7da71b840_0 .net *"_s30", 0 0, L_0x55e7da692dd0;  1 drivers
v0x55e7da71b920_0 .net *"_s32", 0 0, L_0x55e7da72e4e0;  1 drivers
L_0x7f640dcf01c8 .functor BUFT 1, C4<1>, C4<0>, C4<0>, C4<0>;
v0x55e7da71ba00_0 .net/2u *"_s34", 0 0, L_0x7f640dcf01c8;  1 drivers
L_0x7f640dcf0210 .functor BUFT 1, C4<0>, C4<0>, C4<0>, C4<0>;
v0x55e7da71bae0_0 .net/2u *"_s36", 0 0, L_0x7f640dcf0210;  1 drivers
L_0x7f640dcf0060 .functor BUFT 1, C4<00000000000000000000000000000001>, C4<0>, C4<0>, C4<0>;
v0x55e7da71bbc0_0 .net/2s *"_s4", 31 0, L_0x7f640dcf0060;  1 drivers
v0x55e7da71bca0_0 .net/2u *"_s40", 0 0, L_0x7f640dcf0258;  1 drivers
v0x55e7da71bd80_0 .net *"_s42", 0 0, L_0x55e7da72e800;  1 drivers
L_0x7f640dcf02a0 .functor BUFT 1, C4<00000000000000000000000000000100>, C4<0>, C4<0>, C4<0>;
v0x55e7da71be40_0 .net/2s *"_s44", 31 0, L_0x7f640dcf02a0;  1 drivers
v0x55e7da71bf20_0 .net *"_s46", 0 0, L_0x55e7da72e900;  1 drivers
v0x55e7da71bfe0_0 .net *"_s48", 0 0, L_0x55e7da72ea30;  1 drivers
v0x55e7da71c0c0_0 .net/2u *"_s50", 0 0, L_0x7f640dcf02e8;  1 drivers
v0x55e7da71c1a0_0 .net *"_s52", 0 0, L_0x55e7da72eb50;  1 drivers
L_0x7f640dcf0330 .functor BUFT 1, C4<00000000000000000000000000000101>, C4<0>, C4<0>, C4<0>;
v0x55e7da71c650_0 .net/2s *"_s54", 31 0, L_0x7f640dcf0330;  1 drivers
v0x55e7da71c710_0 .net *"_s56", 0 0, L_0x55e7da72ec50;  1 drivers
v0x55e7da71c7d0_0 .net *"_s58", 0 0, L_0x55e7da72ed30;  1 drivers
v0x55e7da71c8b0_0 .net *"_s6", 0 0, L_0x55e7da72dd50;  1 drivers
v0x55e7da71c970_0 .net *"_s60", 0 0, L_0x55e7da72eeb0;  1 drivers
v0x55e7da71ca50_0 .net/2u *"_s62", 0 0, L_0x7f640dcf0378;  1 drivers
v0x55e7da71cb30_0 .net *"_s64", 0 0, L_0x55e7da72efc0;  1 drivers
L_0x7f640dcf03c0 .functor BUFT 1, C4<00000000000000000000000000000110>, C4<0>, C4<0>, C4<0>;
v0x55e7da71cbf0_0 .net/2s *"_s66", 31 0, L_0x7f640dcf03c0;  1 drivers
v0x55e7da71ccd0_0 .net *"_s68", 0 0, L_0x55e7da72f140;  1 drivers
v0x55e7da71cd90_0 .net *"_s70", 0 0, L_0x55e7da72ee40;  1 drivers
v0x55e7da71ce70_0 .net *"_s72", 0 0, L_0x55e7da72f2d0;  1 drivers
L_0x7f640dcf0408 .functor BUFT 1, C4<1>, C4<0>, C4<0>, C4<0>;
v0x55e7da71cf50_0 .net/2u *"_s74", 0 0, L_0x7f640dcf0408;  1 drivers
L_0x7f640dcf0450 .functor BUFT 1, C4<0>, C4<0>, C4<0>, C4<0>;
v0x55e7da71d030_0 .net/2u *"_s76", 0 0, L_0x7f640dcf0450;  1 drivers
v0x55e7da71d110_0 .net *"_s8", 0 0, L_0x55e7da692ee0;  1 drivers
v0x55e7da71d1f0_0 .net/2u *"_s80", 0 0, L_0x7f640dcf0498;  1 drivers
v0x55e7da71d2d0_0 .net *"_s82", 0 0, L_0x55e7da72f650;  1 drivers
L_0x7f640dcf04e0 .functor BUFT 1, C4<00000000000000000000000000000111>, C4<0>, C4<0>, C4<0>;
v0x55e7da71d390_0 .net/2s *"_s84", 31 0, L_0x7f640dcf04e0;  1 drivers
v0x55e7da71d470_0 .net *"_s86", 0 0, L_0x55e7da72f710;  1 drivers
v0x55e7da71d530_0 .net *"_s88", 0 0, L_0x55e7da72f800;  1 drivers
v0x55e7da71d610_0 .net/2u *"_s90", 0 0, L_0x7f640dcf0528;  1 drivers
v0x55e7da71d6f0_0 .net *"_s92", 0 0, L_0x55e7da72f9b0;  1 drivers
L_0x7f640dcf0570 .functor BUFT 1, C4<00000000000000000000000000001000>, C4<0>, C4<0>, C4<0>;
v0x55e7da71d7b0_0 .net/2s *"_s94", 31 0, L_0x7f640dcf0570;  1 drivers
v0x55e7da71d890_0 .net *"_s96", 0 0, L_0x55e7da72fa70;  1 drivers
v0x55e7da71d950_0 .net *"_s98", 0 0, L_0x55e7da72fb60;  1 drivers
v0x55e7da71da30_0 .var/i "i", 31 0;
v0x55e7da71db10_0 .var "rst", 0 0;
v0x55e7da71dbb0_0 .net "storeLED", 0 0, v0x55e7da718800_0;  1 drivers
v0x55e7da71dc50_0 .var "sw_reset", 0 0;
L_0x55e7da72dd50 .cmp/eq 32, v0x55e7da719030_0, L_0x7f640dcf0060;
L_0x55e7da72df90 .cmp/eq 32, v0x55e7da719030_0, L_0x7f640dcf00f0;
L_0x55e7da72e350 .cmp/eq 32, v0x55e7da719030_0, L_0x7f640dcf0180;
L_0x55e7da72e640 .functor MUXZ 1, L_0x7f640dcf0210, L_0x7f640dcf01c8, L_0x55e7da72e4e0, C4<>;
L_0x55e7da72e900 .cmp/eq 32, v0x55e7da719030_0, L_0x7f640dcf02a0;
L_0x55e7da72ec50 .cmp/eq 32, v0x55e7da719030_0, L_0x7f640dcf0330;
L_0x55e7da72f140 .cmp/eq 32, v0x55e7da719030_0, L_0x7f640dcf03c0;
L_0x55e7da72f470 .functor MUXZ 1, L_0x7f640dcf0450, L_0x7f640dcf0408, L_0x55e7da72f2d0, C4<>;
L_0x55e7da72f710 .cmp/eq 32, v0x55e7da719030_0, L_0x7f640dcf04e0;
L_0x55e7da72fa70 .cmp/eq 32, v0x55e7da719030_0, L_0x7f640dcf0570;
L_0x55e7da72f910 .cmp/eq 32, v0x55e7da719030_0, L_0x7f640dcf0600;
L_0x55e7da7302a0 .functor MUXZ 1, L_0x7f640dcf0690, L_0x7f640dcf0648, L_0x55e7da7300c0, C4<>;
L_0x55e7da730560 .cmp/eq 32, v0x55e7da719030_0, L_0x7f640dcf0720;
L_0x55e7da730900 .cmp/eq 32, v0x55e7da719030_0, L_0x7f640dcf07b0;
L_0x55e7da730ed0 .cmp/eq 32, v0x55e7da719030_0, L_0x7f640dcf0840;
L_0x55e7da7312f0 .functor MUXZ 1, L_0x7f640dcf08d0, L_0x7f640dcf0888, L_0x55e7da7310d0, C4<>;
S_0x55e7da689db0 .scope module, "doorlock_reg" "doorlock_reg" 2 108, 3 22 0, S_0x55e7da6d3e20;
 .timescale -9 -12;
    .port_info 0 /INPUT 1 "R0"
    .port_info 1 /INPUT 1 "R1"
    .port_info 2 /INPUT 1 "R2"
    .port_info 3 /INPUT 1 "R3"
    .port_info 4 /INPUT 1 "CLK"
    .port_info 5 /INPUT 1 "rst"
    .port_info 6 /INPUT 1 "sw_reset"
    .port_info 7 /INOUT 1 "C0"
    .port_info 8 /INOUT 1 "C1"
    .port_info 9 /INOUT 1 "C2"
    .port_info 10 /OUTPUT 1 "V"
    .port_info 11 /OUTPUT 4 "Nout"
    .port_info 12 /OUTPUT 1 "Kd"
    .port_info 13 /OUTPUT 1 "storeLED"
P_0x55e7da6f4f10 .param/l "s_changedpd" 0 3 57, C4<110>;
P_0x55e7da6f4f50 .param/l "s_correctip" 0 3 53, C4<010>;
P_0x55e7da6f4f90 .param/l "s_init" 0 3 51, C4<000>;
P_0x55e7da6f4fd0 .param/l "s_resetram" 0 3 55, C4<100>;
P_0x55e7da6f5010 .param/l "s_store" 0 3 56, C4<101>;
P_0x55e7da6f5050 .param/l "s_unlock" 0 3 54, C4<011>;
P_0x55e7da6f5090 .param/l "s_wait" 0 3 52, C4<001>;
v0x55e7da7146e0_0 .net "C0", 0 0, v0x55e7da6f3700_0;  alias, 1 drivers
v0x55e7da7147a0_0 .net "C1", 0 0, v0x55e7da6f4510_0;  alias, 1 drivers
v0x55e7da714840_0 .net "C2", 0 0, v0x55e7da6f5550_0;  alias, 1 drivers
v0x55e7da7148e0_0 .net "CLK", 0 0, v0x55e7da718e50_0;  1 drivers
v0x55e7da714980_0 .net "Kd", 0 0, v0x55e7da712330_0;  alias, 1 drivers
v0x55e7da714a20_0 .net "Nout", 3 0, L_0x55e7da7323e0;  alias, 1 drivers
v0x55e7da714ac0_0 .net "R0", 0 0, L_0x55e7da72e640;  alias, 1 drivers
v0x55e7da714b60_0 .net "R1", 0 0, L_0x55e7da72f470;  alias, 1 drivers
v0x55e7da714c00_0 .net "R2", 0 0, L_0x55e7da7302a0;  alias, 1 drivers
v0x55e7da714cd0_0 .net "R3", 0 0, L_0x55e7da7312f0;  alias, 1 drivers
v0x55e7da714da0_0 .net "V", 0 0, v0x55e7da712ab0_0;  alias, 1 drivers
v0x55e7da714e70_0 .net *"_s10", 31 0, L_0x55e7da733890;  1 drivers
L_0x7f640dcf0f48 .functor BUFT 1, C4<0000000000000000000000000000>, C4<0>, C4<0>, C4<0>;
v0x55e7da714f10_0 .net *"_s102", 27 0, L_0x7f640dcf0f48;  1 drivers
L_0x7f640dcf0f90 .functor BUFT 1, C4<00000000000000000000000000001011>, C4<0>, C4<0>, C4<0>;
v0x55e7da714fb0_0 .net/2u *"_s103", 31 0, L_0x7f640dcf0f90;  1 drivers
v0x55e7da715050_0 .net *"_s105", 0 0, L_0x55e7da7354b0;  1 drivers
L_0x7f640dcf0fd8 .functor BUFT 1, C4<0111>, C4<0>, C4<0>, C4<0>;
v0x55e7da7150f0_0 .net/2s *"_s107", 3 0, L_0x7f640dcf0fd8;  1 drivers
L_0x7f640dcf1020 .functor BUFT 1, C4<0000>, C4<0>, C4<0>, C4<0>;
v0x55e7da715190_0 .net/2s *"_s109", 3 0, L_0x7f640dcf1020;  1 drivers
v0x55e7da715270_0 .net *"_s111", 3 0, L_0x55e7da7356e0;  1 drivers
v0x55e7da715350_0 .net *"_s113", 3 0, L_0x55e7da7358a0;  1 drivers
v0x55e7da715430_0 .net *"_s115", 3 0, L_0x55e7da735b00;  1 drivers
v0x55e7da715510_0 .net *"_s117", 3 0, L_0x55e7da735c90;  1 drivers
L_0x7f640dcf0918 .functor BUFT 1, C4<0000000000000000000000000000>, C4<0>, C4<0>, C4<0>;
v0x55e7da7155f0_0 .net *"_s13", 27 0, L_0x7f640dcf0918;  1 drivers
L_0x7f640dcf0960 .functor BUFT 1, C4<00000000000000000000000000001011>, C4<0>, C4<0>, C4<0>;
v0x55e7da7156d0_0 .net/2u *"_s14", 31 0, L_0x7f640dcf0960;  1 drivers
v0x55e7da7157b0_0 .net *"_s16", 0 0, L_0x55e7da733980;  1 drivers
L_0x7f640dcf09a8 .functor BUFT 1, C4<0100>, C4<0>, C4<0>, C4<0>;
v0x55e7da715870_0 .net/2s *"_s18", 3 0, L_0x7f640dcf09a8;  1 drivers
v0x55e7da715950_0 .net *"_s21", 31 0, L_0x55e7da733ac0;  1 drivers
L_0x7f640dcf09f0 .functor BUFT 1, C4<0000000000000000000000000000>, C4<0>, C4<0>, C4<0>;
v0x55e7da715a30_0 .net *"_s24", 27 0, L_0x7f640dcf09f0;  1 drivers
L_0x7f640dcf0a38 .functor BUFT 1, C4<00000000000000000000000000001011>, C4<0>, C4<0>, C4<0>;
v0x55e7da715b10_0 .net/2u *"_s25", 31 0, L_0x7f640dcf0a38;  1 drivers
v0x55e7da715bf0_0 .net *"_s27", 0 0, L_0x55e7da733be0;  1 drivers
L_0x7f640dcf0a80 .functor BUFT 1, C4<0101>, C4<0>, C4<0>, C4<0>;
v0x55e7da715cb0_0 .net/2s *"_s29", 3 0, L_0x7f640dcf0a80;  1 drivers
v0x55e7da715d90_0 .net *"_s32", 31 0, L_0x55e7da733d20;  1 drivers
L_0x7f640dcf0ac8 .functor BUFT 1, C4<0000000000000000000000000000>, C4<0>, C4<0>, C4<0>;
v0x55e7da715e70_0 .net *"_s35", 27 0, L_0x7f640dcf0ac8;  1 drivers
L_0x7f640dcf0b10 .functor BUFT 1, C4<00000000000000000000000000001011>, C4<0>, C4<0>, C4<0>;
v0x55e7da715f50_0 .net/2u *"_s36", 31 0, L_0x7f640dcf0b10;  1 drivers
v0x55e7da716240_0 .net *"_s38", 0 0, L_0x55e7da733eb0;  1 drivers
L_0x7f640dcf0b58 .functor BUFT 1, C4<0110>, C4<0>, C4<0>, C4<0>;
v0x55e7da716300_0 .net/2s *"_s40", 3 0, L_0x7f640dcf0b58;  1 drivers
v0x55e7da7163e0_0 .net *"_s43", 31 0, L_0x55e7da733ff0;  1 drivers
L_0x7f640dcf0ba0 .functor BUFT 1, C4<0000000000000000000000000000>, C4<0>, C4<0>, C4<0>;
v0x55e7da7164c0_0 .net *"_s46", 27 0, L_0x7f640dcf0ba0;  1 drivers
L_0x7f640dcf0be8 .functor BUFT 1, C4<00000000000000000000000000001011>, C4<0>, C4<0>, C4<0>;
v0x55e7da7165a0_0 .net/2u *"_s47", 31 0, L_0x7f640dcf0be8;  1 drivers
v0x55e7da716680_0 .net *"_s49", 0 0, L_0x55e7da734190;  1 drivers
L_0x7f640dcf0c30 .functor BUFT 1, C4<0111>, C4<0>, C4<0>, C4<0>;
v0x55e7da716740_0 .net/2s *"_s51", 3 0, L_0x7f640dcf0c30;  1 drivers
L_0x7f640dcf0c78 .functor BUFT 1, C4<0000>, C4<0>, C4<0>, C4<0>;
v0x55e7da716820_0 .net/2s *"_s53", 3 0, L_0x7f640dcf0c78;  1 drivers
v0x55e7da716900_0 .net *"_s55", 3 0, L_0x55e7da734300;  1 drivers
v0x55e7da7169e0_0 .net *"_s57", 3 0, L_0x55e7da7344d0;  1 drivers
v0x55e7da716ac0_0 .net *"_s59", 3 0, L_0x55e7da734660;  1 drivers
v0x55e7da716ba0_0 .net *"_s61", 3 0, L_0x55e7da734860;  1 drivers
v0x55e7da716c80_0 .net *"_s66", 31 0, L_0x55e7da734b60;  1 drivers
L_0x7f640dcf0cc0 .functor BUFT 1, C4<0000000000000000000000000000>, C4<0>, C4<0>, C4<0>;
v0x55e7da716d60_0 .net *"_s69", 27 0, L_0x7f640dcf0cc0;  1 drivers
L_0x7f640dcf0d08 .functor BUFT 1, C4<00000000000000000000000000001011>, C4<0>, C4<0>, C4<0>;
v0x55e7da716e40_0 .net/2u *"_s70", 31 0, L_0x7f640dcf0d08;  1 drivers
v0x55e7da716f20_0 .net *"_s72", 0 0, L_0x55e7da734c50;  1 drivers
L_0x7f640dcf0d50 .functor BUFT 1, C4<0100>, C4<0>, C4<0>, C4<0>;
v0x55e7da716fe0_0 .net/2s *"_s74", 3 0, L_0x7f640dcf0d50;  1 drivers
v0x55e7da7170c0_0 .net *"_s77", 31 0, L_0x55e7da734e20;  1 drivers
L_0x7f640dcf0d98 .functor BUFT 1, C4<0000000000000000000000000000>, C4<0>, C4<0>, C4<0>;
v0x55e7da7171a0_0 .net *"_s80", 27 0, L_0x7f640dcf0d98;  1 drivers
L_0x7f640dcf0de0 .functor BUFT 1, C4<00000000000000000000000000001011>, C4<0>, C4<0>, C4<0>;
v0x55e7da717280_0 .net/2u *"_s81", 31 0, L_0x7f640dcf0de0;  1 drivers
v0x55e7da717360_0 .net *"_s83", 0 0, L_0x55e7da734f10;  1 drivers
L_0x7f640dcf0e28 .functor BUFT 1, C4<0101>, C4<0>, C4<0>, C4<0>;
v0x55e7da717420_0 .net/2s *"_s85", 3 0, L_0x7f640dcf0e28;  1 drivers
v0x55e7da717500_0 .net *"_s88", 31 0, L_0x55e7da7350f0;  1 drivers
L_0x7f640dcf0e70 .functor BUFT 1, C4<0000000000000000000000000000>, C4<0>, C4<0>, C4<0>;
v0x55e7da7175e0_0 .net *"_s91", 27 0, L_0x7f640dcf0e70;  1 drivers
L_0x7f640dcf0eb8 .functor BUFT 1, C4<00000000000000000000000000001011>, C4<0>, C4<0>, C4<0>;
v0x55e7da7176c0_0 .net/2u *"_s92", 31 0, L_0x7f640dcf0eb8;  1 drivers
v0x55e7da7177a0_0 .net *"_s94", 0 0, L_0x55e7da7351e0;  1 drivers
L_0x7f640dcf0f00 .functor BUFT 1, C4<0110>, C4<0>, C4<0>, C4<0>;
v0x55e7da717860_0 .net/2s *"_s96", 3 0, L_0x7f640dcf0f00;  1 drivers
v0x55e7da717940_0 .net *"_s99", 31 0, L_0x55e7da735050;  1 drivers
v0x55e7da717a20_0 .net "cnt_up", 2 0, L_0x55e7da7349f0;  1 drivers
v0x55e7da717b00_0 .net "cnt_up_ram", 2 0, L_0x55e7da735f00;  1 drivers
v0x55e7da717be0_0 .var "counter", 2 0;
v0x55e7da717cc0_0 .var/i "i", 31 0;
v0x55e7da7181b0_0 .var "nextstate", 2 0;
v0x55e7da718290 .array "password", 7 0, 3 0;
v0x55e7da718450 .array "ram", 7 0, 3 0;
v0x55e7da718660_0 .net "rst", 0 0, v0x55e7da71db10_0;  1 drivers
v0x55e7da718720_0 .var "state", 2 0;
v0x55e7da718800_0 .var "storeLED", 0 0;
v0x55e7da7188c0_0 .net "sw_reset", 0 0, v0x55e7da71dc50_0;  1 drivers
E_0x55e7da68e290/0 .event edge, v0x55e7da718660_0, v0x55e7da714a20_0, v0x55e7da717be0_0, v0x55e7da712ab0_0;
E_0x55e7da68e290/1 .event edge, v0x55e7da718720_0;
E_0x55e7da68e290 .event/or E_0x55e7da68e290/0, E_0x55e7da68e290/1;
L_0x55e7da7323e0 .concat8 [ 1 1 1 1], L_0x55e7da7335f0, L_0x55e7da7328d0, L_0x55e7da731e50, L_0x55e7da731cb0;
v0x55e7da718290_4 .array/port v0x55e7da718290, 4;
L_0x55e7da733890 .concat [ 4 28 0 0], v0x55e7da718290_4, L_0x7f640dcf0918;
L_0x55e7da733980 .cmp/eq 32, L_0x55e7da733890, L_0x7f640dcf0960;
v0x55e7da718290_5 .array/port v0x55e7da718290, 5;
L_0x55e7da733ac0 .concat [ 4 28 0 0], v0x55e7da718290_5, L_0x7f640dcf09f0;
L_0x55e7da733be0 .cmp/eq 32, L_0x55e7da733ac0, L_0x7f640dcf0a38;
v0x55e7da718290_6 .array/port v0x55e7da718290, 6;
L_0x55e7da733d20 .concat [ 4 28 0 0], v0x55e7da718290_6, L_0x7f640dcf0ac8;
L_0x55e7da733eb0 .cmp/eq 32, L_0x55e7da733d20, L_0x7f640dcf0b10;
v0x55e7da718290_7 .array/port v0x55e7da718290, 7;
L_0x55e7da733ff0 .concat [ 4 28 0 0], v0x55e7da718290_7, L_0x7f640dcf0ba0;
L_0x55e7da734190 .cmp/eq 32, L_0x55e7da733ff0, L_0x7f640dcf0be8;
L_0x55e7da734300 .functor MUXZ 4, L_0x7f640dcf0c78, L_0x7f640dcf0c30, L_0x55e7da734190, C4<>;
L_0x55e7da7344d0 .functor MUXZ 4, L_0x55e7da734300, L_0x7f640dcf0b58, L_0x55e7da733eb0, C4<>;
L_0x55e7da734660 .functor MUXZ 4, L_0x55e7da7344d0, L_0x7f640dcf0a80, L_0x55e7da733be0, C4<>;
L_0x55e7da734860 .functor MUXZ 4, L_0x55e7da734660, L_0x7f640dcf09a8, L_0x55e7da733980, C4<>;
L_0x55e7da7349f0 .part L_0x55e7da734860, 0, 3;
v0x55e7da718450_4 .array/port v0x55e7da718450, 4;
L_0x55e7da734b60 .concat [ 4 28 0 0], v0x55e7da718450_4, L_0x7f640dcf0cc0;
L_0x55e7da734c50 .cmp/eq 32, L_0x55e7da734b60, L_0x7f640dcf0d08;
v0x55e7da718450_5 .array/port v0x55e7da718450, 5;
L_0x55e7da734e20 .concat [ 4 28 0 0], v0x55e7da718450_5, L_0x7f640dcf0d98;
L_0x55e7da734f10 .cmp/eq 32, L_0x55e7da734e20, L_0x7f640dcf0de0;
v0x55e7da718450_6 .array/port v0x55e7da718450, 6;
L_0x55e7da7350f0 .concat [ 4 28 0 0], v0x55e7da718450_6, L_0x7f640dcf0e70;
L_0x55e7da7351e0 .cmp/eq 32, L_0x55e7da7350f0, L_0x7f640dcf0eb8;
v0x55e7da718450_7 .array/port v0x55e7da718450, 7;
L_0x55e7da735050 .concat [ 4 28 0 0], v0x55e7da718450_7, L_0x7f640dcf0f48;
L_0x55e7da7354b0 .cmp/eq 32, L_0x55e7da735050, L_0x7f640dcf0f90;
L_0x55e7da7356e0 .functor MUXZ 4, L_0x7f640dcf1020, L_0x7f640dcf0fd8, L_0x55e7da7354b0, C4<>;
L_0x55e7da7358a0 .functor MUXZ 4, L_0x55e7da7356e0, L_0x7f640dcf0f00, L_0x55e7da7351e0, C4<>;
L_0x55e7da735b00 .functor MUXZ 4, L_0x55e7da7358a0, L_0x7f640dcf0e28, L_0x55e7da734f10, C4<>;
L_0x55e7da735c90 .functor MUXZ 4, L_0x55e7da735b00, L_0x7f640dcf0d50, L_0x55e7da734c50, C4<>;
L_0x55e7da735f00 .part L_0x55e7da735c90, 0, 3;
S_0x55e7da6c5220 .scope module, "scanner" "scanner" 3 31, 4 22 0, S_0x55e7da689db0;
 .timescale -9 -12;
    .port_info 0 /INPUT 1 "R0"
    .port_info 1 /INPUT 1 "R1"
    .port_info 2 /INPUT 1 "R2"
    .port_info 3 /INPUT 1 "R3"
    .port_info 4 /INPUT 1 "CLK"
    .port_info 5 /INOUT 1 "C0"
    .port_info 6 /INOUT 1 "C1"
    .port_info 7 /INOUT 1 "C2"
    .port_info 8 /OUTPUT 1 "N0"
    .port_info 9 /OUTPUT 1 "N1"
    .port_info 10 /OUTPUT 1 "N2"
    .port_info 11 /OUTPUT 1 "N3"
    .port_info 12 /OUTPUT 1 "V"
    .port_info 13 /OUTPUT 1 "Kd"
L_0x55e7da731660 .functor OR 1, L_0x55e7da72e640, L_0x55e7da72f470, C4<0>, C4<0>;
L_0x55e7da7316d0 .functor OR 1, L_0x55e7da731660, L_0x55e7da7302a0, C4<0>, C4<0>;
L_0x55e7da731740 .functor OR 1, L_0x55e7da7316d0, L_0x55e7da7312f0, C4<0>, C4<0>;
L_0x55e7da731880 .functor NOT 1, v0x55e7da6f3700_0, C4<0>, C4<0>, C4<0>;
L_0x55e7da731a00 .functor AND 1, L_0x55e7da7302a0, L_0x55e7da731880, C4<1>, C4<1>;
L_0x55e7da731ac0 .functor NOT 1, v0x55e7da6f4510_0, C4<0>, C4<0>, C4<0>;
L_0x55e7da731c40 .functor AND 1, L_0x55e7da7312f0, L_0x55e7da731ac0, C4<1>, C4<1>;
L_0x55e7da731cb0 .functor OR 1, L_0x55e7da731a00, L_0x55e7da731c40, C4<0>, C4<0>;
L_0x55e7da731d70 .functor AND 1, L_0x55e7da7302a0, v0x55e7da6f3700_0, C4<1>, C4<1>;
L_0x55e7da731e50 .functor OR 1, L_0x55e7da72f470, L_0x55e7da731d70, C4<0>, C4<0>;
L_0x55e7da731f10 .functor NOT 1, v0x55e7da6f3700_0, C4<0>, C4<0>, C4<0>;
L_0x55e7da731de0 .functor AND 1, L_0x55e7da72e640, L_0x55e7da731f10, C4<1>, C4<1>;
L_0x55e7da732000 .functor NOT 1, L_0x55e7da7302a0, C4<0>, C4<0>, C4<0>;
L_0x55e7da732100 .functor AND 1, L_0x55e7da732000, v0x55e7da6f5550_0, C4<1>, C4<1>;
L_0x55e7da7322d0 .functor OR 1, L_0x55e7da731de0, L_0x55e7da732100, C4<0>, C4<0>;
L_0x55e7da732480 .functor NOT 1, L_0x55e7da72f470, C4<0>, C4<0>, C4<0>;
L_0x55e7da7324f0 .functor NOT 1, L_0x55e7da72e640, C4<0>, C4<0>, C4<0>;
L_0x55e7da732610 .functor AND 1, L_0x55e7da732480, L_0x55e7da7324f0, C4<1>, C4<1>;
L_0x55e7da732750 .functor AND 1, L_0x55e7da732610, v0x55e7da6f3700_0, C4<1>, C4<1>;
L_0x55e7da7328d0 .functor OR 1, L_0x55e7da7322d0, L_0x55e7da732750, C4<0>, C4<0>;
L_0x55e7da7329e0 .functor AND 1, L_0x55e7da72f470, v0x55e7da6f4510_0, C4<1>, C4<1>;
L_0x55e7da732b20 .functor NOT 1, L_0x55e7da72f470, C4<0>, C4<0>, C4<0>;
L_0x55e7da732ca0 .functor AND 1, L_0x55e7da732b20, v0x55e7da6f5550_0, C4<1>, C4<1>;
L_0x55e7da732e40 .functor OR 1, L_0x55e7da7329e0, L_0x55e7da732ca0, C4<0>, C4<0>;
L_0x55e7da732f50 .functor NOT 1, L_0x55e7da7312f0, C4<0>, C4<0>, C4<0>;
L_0x55e7da7330b0 .functor NOT 1, L_0x55e7da72f470, C4<0>, C4<0>, C4<0>;
L_0x55e7da733120 .functor AND 1, L_0x55e7da732f50, L_0x55e7da7330b0, C4<1>, C4<1>;
L_0x55e7da733360 .functor NOT 1, v0x55e7da6f4510_0, C4<0>, C4<0>, C4<0>;
L_0x55e7da7333d0 .functor AND 1, L_0x55e7da733120, L_0x55e7da733360, C4<1>, C4<1>;
L_0x55e7da7335f0 .functor OR 1, L_0x55e7da732e40, L_0x55e7da7333d0, C4<0>, C4<0>;
v0x55e7da6f34f0_0 .net "C0", 0 0, v0x55e7da6f3700_0;  alias, 1 drivers
v0x55e7da6f3700_0 .var "C0_tmp", 0 0;
v0x55e7da6f4370_0 .net "C1", 0 0, v0x55e7da6f4510_0;  alias, 1 drivers
v0x55e7da6f4510_0 .var "C1_tmp", 0 0;
v0x55e7da6f46f0_0 .net "C2", 0 0, v0x55e7da6f5550_0;  alias, 1 drivers
v0x55e7da6f5550_0 .var "C2_tmp", 0 0;
v0x55e7da6ecf00_0 .net "CLK", 0 0, v0x55e7da718e50_0;  alias, 1 drivers
v0x55e7da712270_0 .net "K", 0 0, L_0x55e7da731740;  1 drivers
v0x55e7da712330_0 .var "Kd", 0 0;
v0x55e7da7123f0_0 .net "N0", 0 0, L_0x55e7da7335f0;  1 drivers
v0x55e7da7124b0_0 .net "N1", 0 0, L_0x55e7da7328d0;  1 drivers
v0x55e7da712570_0 .net "N2", 0 0, L_0x55e7da731e50;  1 drivers
v0x55e7da712630_0 .net "N3", 0 0, L_0x55e7da731cb0;  1 drivers
v0x55e7da7126f0_0 .var "QA", 0 0;
v0x55e7da7127b0_0 .net "R0", 0 0, L_0x55e7da72e640;  alias, 1 drivers
v0x55e7da712870_0 .net "R1", 0 0, L_0x55e7da72f470;  alias, 1 drivers
v0x55e7da712930_0 .net "R2", 0 0, L_0x55e7da7302a0;  alias, 1 drivers
v0x55e7da7129f0_0 .net "R3", 0 0, L_0x55e7da7312f0;  alias, 1 drivers
v0x55e7da712ab0_0 .var "V", 0 0;
v0x55e7da712b70_0 .net *"_s12", 0 0, L_0x55e7da731880;  1 drivers
v0x55e7da712c50_0 .net *"_s14", 0 0, L_0x55e7da731a00;  1 drivers
v0x55e7da712d30_0 .net *"_s16", 0 0, L_0x55e7da731ac0;  1 drivers
v0x55e7da712e10_0 .net *"_s18", 0 0, L_0x55e7da731c40;  1 drivers
v0x55e7da712ef0_0 .net *"_s22", 0 0, L_0x55e7da731d70;  1 drivers
v0x55e7da712fd0_0 .net *"_s26", 0 0, L_0x55e7da731f10;  1 drivers
v0x55e7da7130b0_0 .net *"_s28", 0 0, L_0x55e7da731de0;  1 drivers
v0x55e7da713190_0 .net *"_s30", 0 0, L_0x55e7da732000;  1 drivers
v0x55e7da713270_0 .net *"_s32", 0 0, L_0x55e7da732100;  1 drivers
v0x55e7da713350_0 .net *"_s34", 0 0, L_0x55e7da7322d0;  1 drivers
v0x55e7da713430_0 .net *"_s36", 0 0, L_0x55e7da732480;  1 drivers
v0x55e7da713510_0 .net *"_s38", 0 0, L_0x55e7da7324f0;  1 drivers
v0x55e7da7135f0_0 .net *"_s40", 0 0, L_0x55e7da732610;  1 drivers
v0x55e7da7136d0_0 .net *"_s42", 0 0, L_0x55e7da732750;  1 drivers
v0x55e7da7139c0_0 .net *"_s46", 0 0, L_0x55e7da7329e0;  1 drivers
v0x55e7da713aa0_0 .net *"_s48", 0 0, L_0x55e7da732b20;  1 drivers
v0x55e7da713b80_0 .net *"_s50", 0 0, L_0x55e7da732ca0;  1 drivers
v0x55e7da713c60_0 .net *"_s52", 0 0, L_0x55e7da732e40;  1 drivers
v0x55e7da713d40_0 .net *"_s54", 0 0, L_0x55e7da732f50;  1 drivers
v0x55e7da713e20_0 .net *"_s56", 0 0, L_0x55e7da7330b0;  1 drivers
v0x55e7da713f00_0 .net *"_s58", 0 0, L_0x55e7da733120;  1 drivers
v0x55e7da713fe0_0 .net *"_s6", 0 0, L_0x55e7da731660;  1 drivers
v0x55e7da7140c0_0 .net *"_s60", 0 0, L_0x55e7da733360;  1 drivers
v0x55e7da7141a0_0 .net *"_s62", 0 0, L_0x55e7da7333d0;  1 drivers
v0x55e7da714280_0 .net *"_s8", 0 0, L_0x55e7da7316d0;  1 drivers
v0x55e7da714360_0 .var "nextstate", 2 0;
v0x55e7da714440_0 .var "state", 2 0;
E_0x55e7da690af0 .event posedge, v0x55e7da6ecf00_0;
E_0x55e7da68ea60/0 .event edge, v0x55e7da7126f0_0, v0x55e7da712330_0, v0x55e7da712270_0, v0x55e7da6f46f0_0;
E_0x55e7da68ea60/1 .event edge, v0x55e7da6f4370_0, v0x55e7da6f34f0_0, v0x55e7da7129f0_0, v0x55e7da712930_0;
E_0x55e7da68ea60/2 .event edge, v0x55e7da712870_0, v0x55e7da7127b0_0, v0x55e7da714440_0;
E_0x55e7da68ea60 .event/or E_0x55e7da68ea60/0, E_0x55e7da68ea60/1, E_0x55e7da68ea60/2;
    .scope S_0x55e7da6c5220;
T_0 ;
    %pushi/vec4 0, 0, 3;
    %store/vec4 v0x55e7da714440_0, 0, 3;
    %pushi/vec4 0, 0, 1;
    %store/vec4 v0x55e7da7126f0_0, 0, 1;
    %pushi/vec4 0, 0, 1;
    %store/vec4 v0x55e7da712330_0, 0, 1;
    %pushi/vec4 0, 0, 3;
    %store/vec4 v0x55e7da714360_0, 0, 3;
    %pushi/vec4 0, 0, 1;
    %store/vec4 v0x55e7da6f3700_0, 0, 1;
    %pushi/vec4 0, 0, 1;
    %store/vec4 v0x55e7da6f4510_0, 0, 1;
    %pushi/vec4 0, 0, 1;
    %store/vec4 v0x55e7da6f5550_0, 0, 1;
    %pushi/vec4 0, 0, 1;
    %store/vec4 v0x55e7da712ab0_0, 0, 1;
    %end;
    .thread T_0;
    .scope S_0x55e7da6c5220;
T_1 ;
    %wait E_0x55e7da68ea60;
    %pushi/vec4 0, 0, 1;
    %store/vec4 v0x55e7da6f3700_0, 0, 1;
    %pushi/vec4 0, 0, 1;
    %store/vec4 v0x55e7da6f4510_0, 0, 1;
    %pushi/vec4 0, 0, 1;
    %store/vec4 v0x55e7da6f5550_0, 0, 1;
    %pushi/vec4 0, 0, 1;
    %store/vec4 v0x55e7da712ab0_0, 0, 1;
    %load/vec4 v0x55e7da714440_0;
    %dup/vec4;
    %pushi/vec4 0, 0, 3;
    %cmp/u;
    %jmp/1 T_1.0, 6;
    %dup/vec4;
    %pushi/vec4 1, 0, 3;
    %cmp/u;
    %jmp/1 T_1.1, 6;
    %dup/vec4;
    %pushi/vec4 2, 0, 3;
    %cmp/u;
    %jmp/1 T_1.2, 6;
    %dup/vec4;
    %pushi/vec4 3, 0, 3;
    %cmp/u;
    %jmp/1 T_1.3, 6;
    %dup/vec4;
    %pushi/vec4 4, 0, 3;
    %cmp/u;
    %jmp/1 T_1.4, 6;
    %dup/vec4;
    %pushi/vec4 5, 0, 3;
    %cmp/u;
    %jmp/1 T_1.5, 6;
    %pushi/vec4 0, 0, 3;
    %store/vec4 v0x55e7da714360_0, 0, 3;
    %jmp T_1.7;
T_1.0 ;
    %pushi/vec4 1, 0, 3;
    %store/vec4 v0x55e7da714360_0, 0, 3;
    %jmp T_1.7;
T_1.1 ;
    %pushi/vec4 1, 0, 1;
    %store/vec4 v0x55e7da6f3700_0, 0, 1;
    %pushi/vec4 1, 0, 1;
    %store/vec4 v0x55e7da6f4510_0, 0, 1;
    %pushi/vec4 1, 0, 1;
    %store/vec4 v0x55e7da6f5550_0, 0, 1;
    %load/vec4 v0x55e7da712330_0;
    %load/vec4 v0x55e7da712270_0;
    %and;
    %cmpi/e 1, 0, 1;
    %jmp/0xz  T_1.8, 4;
    %pushi/vec4 2, 0, 3;
    %store/vec4 v0x55e7da714360_0, 0, 3;
    %jmp T_1.9;
T_1.8 ;
    %pushi/vec4 1, 0, 3;
    %store/vec4 v0x55e7da714360_0, 0, 3;
T_1.9 ;
    %jmp T_1.7;
T_1.2 ;
    %pushi/vec4 1, 0, 1;
    %store/vec4 v0x55e7da6f3700_0, 0, 1;
    %load/vec4 v0x55e7da712330_0;
    %load/vec4 v0x55e7da712270_0;
    %and;
    %cmpi/e 1, 0, 1;
    %jmp/0xz  T_1.10, 4;
    %pushi/vec4 1, 0, 1;
    %store/vec4 v0x55e7da712ab0_0, 0, 1;
    %pushi/vec4 5, 0, 3;
    %store/vec4 v0x55e7da714360_0, 0, 3;
    %jmp T_1.11;
T_1.10 ;
    %load/vec4 v0x55e7da712270_0;
    %cmpi/e 0, 0, 1;
    %jmp/0xz  T_1.12, 4;
    %pushi/vec4 3, 0, 3;
    %store/vec4 v0x55e7da714360_0, 0, 3;
    %jmp T_1.13;
T_1.12 ;
    %pushi/vec4 2, 0, 3;
    %store/vec4 v0x55e7da714360_0, 0, 3;
T_1.13 ;
T_1.11 ;
    %jmp T_1.7;
T_1.3 ;
    %pushi/vec4 1, 0, 1;
    %store/vec4 v0x55e7da6f4510_0, 0, 1;
    %load/vec4 v0x55e7da712330_0;
    %load/vec4 v0x55e7da712270_0;
    %and;
    %cmpi/e 1, 0, 1;
    %jmp/0xz  T_1.14, 4;
    %pushi/vec4 1, 0, 1;
    %store/vec4 v0x55e7da712ab0_0, 0, 1;
    %pushi/vec4 5, 0, 3;
    %store/vec4 v0x55e7da714360_0, 0, 3;
    %jmp T_1.15;
T_1.14 ;
    %load/vec4 v0x55e7da712270_0;
    %cmpi/e 0, 0, 1;
    %jmp/0xz  T_1.16, 4;
    %pushi/vec4 4, 0, 3;
    %store/vec4 v0x55e7da714360_0, 0, 3;
    %jmp T_1.17;
T_1.16 ;
    %pushi/vec4 3, 0, 3;
    %store/vec4 v0x55e7da714360_0, 0, 3;
T_1.17 ;
T_1.15 ;
    %jmp T_1.7;
T_1.4 ;
    %pushi/vec4 1, 0, 1;
    %store/vec4 v0x55e7da6f5550_0, 0, 1;
    %load/vec4 v0x55e7da712330_0;
    %load/vec4 v0x55e7da712270_0;
    %and;
    %cmpi/e 1, 0, 1;
    %jmp/0xz  T_1.18, 4;
    %pushi/vec4 1, 0, 1;
    %store/vec4 v0x55e7da712ab0_0, 0, 1;
    %pushi/vec4 5, 0, 3;
    %store/vec4 v0x55e7da714360_0, 0, 3;
    %jmp T_1.19;
T_1.18 ;
    %pushi/vec4 4, 0, 3;
    %store/vec4 v0x55e7da714360_0, 0, 3;
T_1.19 ;
    %jmp T_1.7;
T_1.5 ;
    %pushi/vec4 1, 0, 1;
    %store/vec4 v0x55e7da6f3700_0, 0, 1;
    %pushi/vec4 1, 0, 1;
    %store/vec4 v0x55e7da6f4510_0, 0, 1;
    %pushi/vec4 1, 0, 1;
    %store/vec4 v0x55e7da6f5550_0, 0, 1;
    %load/vec4 v0x55e7da712330_0;
    %cmpi/e 0, 0, 1;
    %jmp/0xz  T_1.20, 4;
    %pushi/vec4 1, 0, 3;
    %store/vec4 v0x55e7da714360_0, 0, 3;
    %jmp T_1.21;
T_1.20 ;
    %pushi/vec4 5, 0, 3;
    %store/vec4 v0x55e7da714360_0, 0, 3;
T_1.21 ;
    %jmp T_1.7;
T_1.7 ;
    %pop/vec4 1;
    %jmp T_1;
    .thread T_1, $push;
    .scope S_0x55e7da6c5220;
T_2 ;
    %wait E_0x55e7da690af0;
    %load/vec4 v0x55e7da714360_0;
    %assign/vec4 v0x55e7da714440_0, 0;
    %load/vec4 v0x55e7da712270_0;
    %assign/vec4 v0x55e7da7126f0_0, 0;
    %load/vec4 v0x55e7da7126f0_0;
    %assign/vec4 v0x55e7da712330_0, 0;
    %jmp T_2;
    .thread T_2;
    .scope S_0x55e7da689db0;
T_3 ;
    %pushi/vec4 0, 0, 32;
    %split/vec4 4;
    %ix/load 4, 7, 0;
    %flag_set/imm 4, 0;
    %store/vec4a v0x55e7da718450, 4, 0;
    %split/vec4 4;
    %ix/load 4, 6, 0;
    %flag_set/imm 4, 0;
    %store/vec4a v0x55e7da718450, 4, 0;
    %split/vec4 4;
    %ix/load 4, 5, 0;
    %flag_set/imm 4, 0;
    %store/vec4a v0x55e7da718450, 4, 0;
    %split/vec4 4;
    %ix/load 4, 4, 0;
    %flag_set/imm 4, 0;
    %store/vec4a v0x55e7da718450, 4, 0;
    %split/vec4 4;
    %ix/load 4, 3, 0;
    %flag_set/imm 4, 0;
    %store/vec4a v0x55e7da718450, 4, 0;
    %split/vec4 4;
    %ix/load 4, 2, 0;
    %flag_set/imm 4, 0;
    %store/vec4a v0x55e7da718450, 4, 0;
    %split/vec4 4;
    %ix/load 4, 1, 0;
    %flag_set/imm 4, 0;
    %store/vec4a v0x55e7da718450, 4, 0;
    %ix/load 4, 0, 0;
    %flag_set/imm 4, 0;
    %store/vec4a v0x55e7da718450, 4, 0;
    %pushi/vec4 0, 0, 32;
    %split/vec4 4;
    %ix/load 4, 7, 0;
    %flag_set/imm 4, 0;
    %store/vec4a v0x55e7da718290, 4, 0;
    %split/vec4 4;
    %ix/load 4, 6, 0;
    %flag_set/imm 4, 0;
    %store/vec4a v0x55e7da718290, 4, 0;
    %split/vec4 4;
    %ix/load 4, 5, 0;
    %flag_set/imm 4, 0;
    %store/vec4a v0x55e7da718290, 4, 0;
    %split/vec4 4;
    %ix/load 4, 4, 0;
    %flag_set/imm 4, 0;
    %store/vec4a v0x55e7da718290, 4, 0;
    %split/vec4 4;
    %ix/load 4, 3, 0;
    %flag_set/imm 4, 0;
    %store/vec4a v0x55e7da718290, 4, 0;
    %split/vec4 4;
    %ix/load 4, 2, 0;
    %flag_set/imm 4, 0;
    %store/vec4a v0x55e7da718290, 4, 0;
    %split/vec4 4;
    %ix/load 4, 1, 0;
    %flag_set/imm 4, 0;
    %store/vec4a v0x55e7da718290, 4, 0;
    %ix/load 4, 0, 0;
    %flag_set/imm 4, 0;
    %store/vec4a v0x55e7da718290, 4, 0;
    %pushi/vec4 0, 0, 1;
    %store/vec4 v0x55e7da718800_0, 0, 1;
    %pushi/vec4 0, 0, 3;
    %store/vec4 v0x55e7da718720_0, 0, 3;
    %end;
    .thread T_3;
    .scope S_0x55e7da689db0;
T_4 ;
    %wait E_0x55e7da68e290;
    %load/vec4 v0x55e7da718660_0;
    %flag_set/vec4 8;
    %jmp/0xz  T_4.0, 8;
    %pushi/vec4 1, 0, 4;
    %ix/load 4, 0, 0;
    %flag_set/imm 4, 0;
    %store/vec4a v0x55e7da718290, 4, 0;
    %pushi/vec4 2, 0, 4;
    %ix/load 4, 1, 0;
    %flag_set/imm 4, 0;
    %store/vec4a v0x55e7da718290, 4, 0;
    %pushi/vec4 3, 0, 4;
    %ix/load 4, 2, 0;
    %flag_set/imm 4, 0;
    %store/vec4a v0x55e7da718290, 4, 0;
    %pushi/vec4 4, 0, 4;
    %ix/load 4, 3, 0;
    %flag_set/imm 4, 0;
    %store/vec4a v0x55e7da718290, 4, 0;
    %pushi/vec4 11, 0, 4;
    %ix/load 4, 4, 0;
    %flag_set/imm 4, 0;
    %store/vec4a v0x55e7da718290, 4, 0;
    %pushi/vec4 0, 0, 4;
    %ix/load 4, 5, 0;
    %flag_set/imm 4, 0;
    %store/vec4a v0x55e7da718290, 4, 0;
    %pushi/vec4 0, 0, 4;
    %ix/load 4, 6, 0;
    %flag_set/imm 4, 0;
    %store/vec4a v0x55e7da718290, 4, 0;
    %pushi/vec4 0, 0, 4;
    %ix/load 4, 7, 0;
    %flag_set/imm 4, 0;
    %store/vec4a v0x55e7da718290, 4, 0;
    %pushi/vec4 0, 0, 32;
    %split/vec4 4;
    %ix/load 4, 7, 0;
    %flag_set/imm 4, 0;
    %store/vec4a v0x55e7da718450, 4, 0;
    %split/vec4 4;
    %ix/load 4, 6, 0;
    %flag_set/imm 4, 0;
    %store/vec4a v0x55e7da718450, 4, 0;
    %split/vec4 4;
    %ix/load 4, 5, 0;
    %flag_set/imm 4, 0;
    %store/vec4a v0x55e7da718450, 4, 0;
    %split/vec4 4;
    %ix/load 4, 4, 0;
    %flag_set/imm 4, 0;
    %store/vec4a v0x55e7da718450, 4, 0;
    %split/vec4 4;
    %ix/load 4, 3, 0;
    %flag_set/imm 4, 0;
    %store/vec4a v0x55e7da718450, 4, 0;
    %split/vec4 4;
    %ix/load 4, 2, 0;
    %flag_set/imm 4, 0;
    %store/vec4a v0x55e7da718450, 4, 0;
    %split/vec4 4;
    %ix/load 4, 1, 0;
    %flag_set/imm 4, 0;
    %store/vec4a v0x55e7da718450, 4, 0;
    %ix/load 4, 0, 0;
    %flag_set/imm 4, 0;
    %store/vec4a v0x55e7da718450, 4, 0;
    %pushi/vec4 0, 0, 3;
    %store/vec4 v0x55e7da717be0_0, 0, 3;
    %pushi/vec4 0, 0, 3;
    %store/vec4 v0x55e7da7181b0_0, 0, 3;
T_4.0 ;
    %load/vec4 v0x55e7da718720_0;
    %dup/vec4;
    %pushi/vec4 0, 0, 3;
    %cmp/u;
    %jmp/1 T_4.2, 6;
    %dup/vec4;
    %pushi/vec4 1, 0, 3;
    %cmp/u;
    %jmp/1 T_4.3, 6;
    %dup/vec4;
    %pushi/vec4 3, 0, 3;
    %cmp/u;
    %jmp/1 T_4.4, 6;
    %dup/vec4;
    %pushi/vec4 4, 0, 3;
    %cmp/u;
    %jmp/1 T_4.5, 6;
    %dup/vec4;
    %pushi/vec4 5, 0, 3;
    %cmp/u;
    %jmp/1 T_4.6, 6;
    %dup/vec4;
    %pushi/vec4 6, 0, 3;
    %cmp/u;
    %jmp/1 T_4.7, 6;
    %jmp T_4.8;
T_4.2 ;
    %pushi/vec4 1, 0, 3;
    %store/vec4 v0x55e7da7181b0_0, 0, 3;
    %pushi/vec4 0, 0, 3;
    %store/vec4 v0x55e7da717be0_0, 0, 3;
    %pushi/vec4 0, 0, 1;
    %store/vec4 v0x55e7da718800_0, 0, 1;
    %pushi/vec4 0, 0, 32;
    %split/vec4 4;
    %ix/load 4, 7, 0;
    %flag_set/imm 4, 0;
    %store/vec4a v0x55e7da718450, 4, 0;
    %split/vec4 4;
    %ix/load 4, 6, 0;
    %flag_set/imm 4, 0;
    %store/vec4a v0x55e7da718450, 4, 0;
    %split/vec4 4;
    %ix/load 4, 5, 0;
    %flag_set/imm 4, 0;
    %store/vec4a v0x55e7da718450, 4, 0;
    %split/vec4 4;
    %ix/load 4, 4, 0;
    %flag_set/imm 4, 0;
    %store/vec4a v0x55e7da718450, 4, 0;
    %split/vec4 4;
    %ix/load 4, 3, 0;
    %flag_set/imm 4, 0;
    %store/vec4a v0x55e7da718450, 4, 0;
    %split/vec4 4;
    %ix/load 4, 2, 0;
    %flag_set/imm 4, 0;
    %store/vec4a v0x55e7da718450, 4, 0;
    %split/vec4 4;
    %ix/load 4, 1, 0;
    %flag_set/imm 4, 0;
    %store/vec4a v0x55e7da718450, 4, 0;
    %ix/load 4, 0, 0;
    %flag_set/imm 4, 0;
    %store/vec4a v0x55e7da718450, 4, 0;
    %jmp T_4.8;
T_4.3 ;
    %load/vec4 v0x55e7da714da0_0;
    %load/vec4 v0x55e7da717be0_0;
    %load/vec4 v0x55e7da717a20_0;
    %cmp/u;
    %flag_get/vec4 5;
    %and;
    %load/vec4 v0x55e7da714a20_0;
    %load/vec4 v0x55e7da717be0_0;
    %pad/u 5;
    %ix/vec4 4;
    %load/vec4a v0x55e7da718290, 4;
    %cmp/e;
    %flag_get/vec4 4;
    %and;
    %flag_set/vec4 8;
    %jmp/0xz  T_4.9, 8;
    %load/vec4 v0x55e7da714a20_0;
    %load/vec4 v0x55e7da717be0_0;
    %pad/u 5;
    %ix/vec4 4;
    %store/vec4a v0x55e7da718450, 4, 0;
    %load/vec4 v0x55e7da717be0_0;
    %addi 1, 0, 3;
    %store/vec4 v0x55e7da717be0_0, 0, 3;
    %pushi/vec4 1, 0, 3;
    %store/vec4 v0x55e7da7181b0_0, 0, 3;
    %jmp T_4.10;
T_4.9 ;
    %load/vec4 v0x55e7da714da0_0;
    %load/vec4 v0x55e7da717be0_0;
    %load/vec4 v0x55e7da717a20_0;
    %cmp/e;
    %flag_get/vec4 4;
    %and;
    %load/vec4 v0x55e7da714a20_0;
    %pad/u 32;
    %pushi/vec4 11, 0, 32;
    %cmp/e;
    %flag_get/vec4 4;
    %and;
    %flag_set/vec4 8;
    %jmp/0xz  T_4.11, 8;
    %pushi/vec4 3, 0, 3;
    %store/vec4 v0x55e7da7181b0_0, 0, 3;
    %jmp T_4.12;
T_4.11 ;
    %load/vec4 v0x55e7da714da0_0;
    %load/vec4 v0x55e7da717be0_0;
    %load/vec4 v0x55e7da717a20_0;
    %cmp/e;
    %flag_get/vec4 4;
    %and;
    %load/vec4 v0x55e7da714a20_0;
    %pad/u 32;
    %pushi/vec4 10, 0, 32;
    %cmp/e;
    %flag_get/vec4 4;
    %and;
    %flag_set/vec4 8;
    %jmp/0xz  T_4.13, 8;
    %pushi/vec4 4, 0, 3;
    %store/vec4 v0x55e7da7181b0_0, 0, 3;
    %jmp T_4.14;
T_4.13 ;
    %load/vec4 v0x55e7da714da0_0;
    %pushi/vec4 1, 0, 1;
    %cmp/e;
    %flag_get/vec4 4;
    %load/vec4 v0x55e7da717be0_0;
    %load/vec4 v0x55e7da717a20_0;
    %cmp/u;
    %flag_get/vec4 4;
    %flag_get/vec4 5;
    %or;
    %and;
    %load/vec4 v0x55e7da714a20_0;
    %load/vec4 v0x55e7da717be0_0;
    %pad/u 5;
    %ix/vec4 4;
    %load/vec4a v0x55e7da718290, 4;
    %cmp/e;
    %flag_get/vec4 4;
    %inv;
    %and;
    %flag_set/vec4 8;
    %jmp/0xz  T_4.15, 8;
    %pushi/vec4 0, 0, 3;
    %store/vec4 v0x55e7da7181b0_0, 0, 3;
    %jmp T_4.16;
T_4.15 ;
    %pushi/vec4 1, 0, 3;
    %store/vec4 v0x55e7da7181b0_0, 0, 3;
T_4.16 ;
T_4.14 ;
T_4.12 ;
T_4.10 ;
    %jmp T_4.8;
T_4.4 ;
    %load/vec4 v0x55e7da714da0_0;
    %load/vec4 v0x55e7da714a20_0;
    %pad/u 32;
    %pushi/vec4 11, 0, 32;
    %cmp/e;
    %flag_get/vec4 4;
    %and;
    %flag_set/vec4 8;
    %jmp/0xz  T_4.17, 8;
    %pushi/vec4 3, 0, 3;
    %store/vec4 v0x55e7da7181b0_0, 0, 3;
    %jmp T_4.18;
T_4.17 ;
    %pushi/vec4 0, 0, 3;
    %store/vec4 v0x55e7da7181b0_0, 0, 3;
T_4.18 ;
    %jmp T_4.8;
T_4.5 ;
    %pushi/vec4 0, 0, 32;
    %split/vec4 4;
    %ix/load 4, 7, 0;
    %flag_set/imm 4, 0;
    %store/vec4a v0x55e7da718450, 4, 0;
    %split/vec4 4;
    %ix/load 4, 6, 0;
    %flag_set/imm 4, 0;
    %store/vec4a v0x55e7da718450, 4, 0;
    %split/vec4 4;
    %ix/load 4, 5, 0;
    %flag_set/imm 4, 0;
    %store/vec4a v0x55e7da718450, 4, 0;
    %split/vec4 4;
    %ix/load 4, 4, 0;
    %flag_set/imm 4, 0;
    %store/vec4a v0x55e7da718450, 4, 0;
    %split/vec4 4;
    %ix/load 4, 3, 0;
    %flag_set/imm 4, 0;
    %store/vec4a v0x55e7da718450, 4, 0;
    %split/vec4 4;
    %ix/load 4, 2, 0;
    %flag_set/imm 4, 0;
    %store/vec4a v0x55e7da718450, 4, 0;
    %split/vec4 4;
    %ix/load 4, 1, 0;
    %flag_set/imm 4, 0;
    %store/vec4a v0x55e7da718450, 4, 0;
    %ix/load 4, 0, 0;
    %flag_set/imm 4, 0;
    %store/vec4a v0x55e7da718450, 4, 0;
    %pushi/vec4 0, 0, 3;
    %store/vec4 v0x55e7da717be0_0, 0, 3;
    %pushi/vec4 1, 0, 1;
    %store/vec4 v0x55e7da718800_0, 0, 1;
    %pushi/vec4 5, 0, 3;
    %store/vec4 v0x55e7da7181b0_0, 0, 3;
    %jmp T_4.8;
T_4.6 ;
    %load/vec4 v0x55e7da714da0_0;
    %pushi/vec4 1, 0, 1;
    %cmp/e;
    %flag_get/vec4 4;
    %load/vec4 v0x55e7da717be0_0;
    %pad/u 32;
    %cmpi/u 7, 0, 32;
    %flag_get/vec4 5;
    %and;
    %pushi/vec4 0, 0, 32;
    %load/vec4 v0x55e7da714a20_0;
    %pad/u 32;
    %cmp/u;
    %flag_get/vec4 4;
    %flag_get/vec4 5;
    %or;
    %and;
    %flag_set/vec4 8;
    %jmp/0xz  T_4.19, 8;
    %load/vec4 v0x55e7da714a20_0;
    %load/vec4 v0x55e7da717be0_0;
    %pad/u 5;
    %ix/vec4 4;
    %store/vec4a v0x55e7da718450, 4, 0;
    %load/vec4 v0x55e7da717be0_0;
    %addi 1, 0, 3;
    %store/vec4 v0x55e7da717be0_0, 0, 3;
    %jmp T_4.20;
T_4.19 ;
    %pushi/vec4 3, 0, 32;
    %load/vec4 v0x55e7da717be0_0;
    %pad/u 32;
    %cmp/u;
    %flag_get/vec4 4;
    %flag_get/vec4 5;
    %or;
    %load/vec4 v0x55e7da714a20_0;
    %pad/u 32;
    %pushi/vec4 11, 0, 32;
    %cmp/e;
    %flag_get/vec4 4;
    %and;
    %load/vec4 v0x55e7da714da0_0;
    %pushi/vec4 1, 0, 1;
    %cmp/e;
    %flag_get/vec4 4;
    %and;
    %flag_set/vec4 8;
    %jmp/0xz  T_4.21, 8;
    %pushi/vec4 6, 0, 3;
    %store/vec4 v0x55e7da7181b0_0, 0, 3;
    %pushi/vec4 0, 0, 3;
    %store/vec4 v0x55e7da717be0_0, 0, 3;
    %jmp T_4.22;
T_4.21 ;
    %load/vec4 v0x55e7da717be0_0;
    %pad/u 32;
    %pushi/vec4 7, 0, 32;
    %cmp/e;
    %flag_get/vec4 4;
    %load/vec4 v0x55e7da714a20_0;
    %pad/u 32;
    %pushi/vec4 11, 0, 32;
    %cmp/e;
    %flag_get/vec4 6;
    %inv;
    %and;
    %load/vec4 v0x55e7da714da0_0;
    %pushi/vec4 1, 0, 1;
    %cmp/e;
    %flag_get/vec4 4;
    %and;
    %flag_set/vec4 8;
    %jmp/0xz  T_4.23, 8;
    %pushi/vec4 0, 0, 3;
    %store/vec4 v0x55e7da7181b0_0, 0, 3;
    %jmp T_4.24;
T_4.23 ;
    %pushi/vec4 5, 0, 3;
    %store/vec4 v0x55e7da7181b0_0, 0, 3;
T_4.24 ;
T_4.22 ;
T_4.20 ;
    %jmp T_4.8;
T_4.7 ;
    %load/vec4 v0x55e7da714da0_0;
    %load/vec4 v0x55e7da717be0_0;
    %load/vec4 v0x55e7da717b00_0;
    %cmp/u;
    %flag_get/vec4 5;
    %and;
    %load/vec4 v0x55e7da714a20_0;
    %load/vec4 v0x55e7da717be0_0;
    %pad/u 5;
    %ix/vec4 4;
    %load/vec4a v0x55e7da718450, 4;
    %cmp/e;
    %flag_get/vec4 4;
    %and;
    %flag_set/vec4 8;
    %jmp/0xz  T_4.25, 8;
    %load/vec4 v0x55e7da717be0_0;
    %addi 1, 0, 3;
    %store/vec4 v0x55e7da717be0_0, 0, 3;
    %pushi/vec4 6, 0, 3;
    %store/vec4 v0x55e7da7181b0_0, 0, 3;
    %jmp T_4.26;
T_4.25 ;
    %load/vec4 v0x55e7da714da0_0;
    %pushi/vec4 1, 0, 1;
    %cmp/e;
    %flag_get/vec4 4;
    %load/vec4 v0x55e7da717be0_0;
    %load/vec4 v0x55e7da717b00_0;
    %cmp/u;
    %flag_get/vec4 4;
    %flag_get/vec4 5;
    %or;
    %and;
    %load/vec4 v0x55e7da714a20_0;
    %load/vec4 v0x55e7da717be0_0;
    %pad/u 5;
    %ix/vec4 4;
    %load/vec4a v0x55e7da718450, 4;
    %cmp/e;
    %flag_get/vec4 4;
    %inv;
    %and;
    %flag_set/vec4 8;
    %jmp/0xz  T_4.27, 8;
    %pushi/vec4 0, 0, 3;
    %store/vec4 v0x55e7da7181b0_0, 0, 3;
    %jmp T_4.28;
T_4.27 ;
    %load/vec4 v0x55e7da714da0_0;
    %load/vec4 v0x55e7da717be0_0;
    %load/vec4 v0x55e7da717b00_0;
    %cmp/e;
    %flag_get/vec4 4;
    %and;
    %load/vec4 v0x55e7da714a20_0;
    %pad/u 32;
    %pushi/vec4 11, 0, 32;
    %cmp/e;
    %flag_get/vec4 4;
    %and;
    %flag_set/vec4 8;
    %jmp/0xz  T_4.29, 8;
    %pushi/vec4 0, 0, 32;
    %store/vec4 v0x55e7da717cc0_0, 0, 32;
T_4.31 ;
    %load/vec4 v0x55e7da717cc0_0;
    %cmpi/s 7, 0, 32;
    %flag_or 5, 4;
    %jmp/0xz T_4.32, 5;
    %ix/getv/s 4, v0x55e7da717cc0_0;
    %load/vec4a v0x55e7da718450, 4;
    %ix/getv/s 4, v0x55e7da717cc0_0;
    %store/vec4a v0x55e7da718290, 4, 0;
    %load/vec4 v0x55e7da717cc0_0;
    %addi 1, 0, 32;
    %store/vec4 v0x55e7da717cc0_0, 0, 32;
    %jmp T_4.31;
T_4.32 ;
    %pushi/vec4 0, 0, 1;
    %store/vec4 v0x55e7da718800_0, 0, 1;
    %jmp T_4.30;
T_4.29 ;
    %pushi/vec4 6, 0, 3;
    %store/vec4 v0x55e7da7181b0_0, 0, 3;
T_4.30 ;
T_4.28 ;
T_4.26 ;
    %jmp T_4.8;
T_4.8 ;
    %pop/vec4 1;
    %jmp T_4;
    .thread T_4, $push;
    .scope S_0x55e7da689db0;
T_5 ;
    %wait E_0x55e7da690af0;
    %load/vec4 v0x55e7da7181b0_0;
    %assign/vec4 v0x55e7da718720_0, 0;
    %jmp T_5;
    .thread T_5;
    .scope S_0x55e7da6d3e20;
T_6 ;
    %vpi_call 2 30 "$dumpfile", "trystore.vcd" {0 0 0};
    %vpi_call 2 31 "$dumpvars", 32'sb00000000000000000000000000000000, S_0x55e7da6d3e20 {0 0 0};
    %end;
    .thread T_6;
    .scope S_0x55e7da6d3e20;
T_7 ;
    %pushi/vec4 0, 0, 1;
    %store/vec4 v0x55e7da718e50_0, 0, 1;
T_7.0 ;
    %delay 10000, 0;
    %load/vec4 v0x55e7da718e50_0;
    %inv;
    %store/vec4 v0x55e7da718e50_0, 0, 1;
    %jmp T_7.0;
    %end;
    .thread T_7;
    .scope S_0x55e7da6d3e20;
T_8 ;
    %pushi/vec4 0, 0, 32;
    %store/vec4 v0x55e7da719030_0, 0, 32;
    %pushi/vec4 0, 0, 1;
    %store/vec4 v0x55e7da71dc50_0, 0, 1;
    %pushi/vec4 1, 0, 1;
    %store/vec4 v0x55e7da71db10_0, 0, 1;
    %delay 5000, 0;
    %pushi/vec4 0, 0, 1;
    %store/vec4 v0x55e7da71db10_0, 0, 1;
    %end;
    .thread T_8;
    .scope S_0x55e7da6d3e20;
T_9 ;
    %pushi/vec4 1, 0, 32;
    %ix/load 4, 0, 0;
    %flag_set/imm 4, 0;
    %store/vec4a v0x55e7da718f40, 4, 0;
    %pushi/vec4 2, 0, 32;
    %ix/load 4, 1, 0;
    %flag_set/imm 4, 0;
    %store/vec4a v0x55e7da718f40, 4, 0;
    %pushi/vec4 3, 0, 32;
    %ix/load 4, 2, 0;
    %flag_set/imm 4, 0;
    %store/vec4a v0x55e7da718f40, 4, 0;
    %pushi/vec4 4, 0, 32;
    %ix/load 4, 3, 0;
    %flag_set/imm 4, 0;
    %store/vec4a v0x55e7da718f40, 4, 0;
    %pushi/vec4 11, 0, 32;
    %ix/load 4, 4, 0;
    %flag_set/imm 4, 0;
    %store/vec4a v0x55e7da718f40, 4, 0;
    %pushi/vec4 11, 0, 32;
    %ix/load 4, 5, 0;
    %flag_set/imm 4, 0;
    %store/vec4a v0x55e7da718f40, 4, 0;
    %pushi/vec4 1, 0, 32;
    %ix/load 4, 6, 0;
    %flag_set/imm 4, 0;
    %store/vec4a v0x55e7da718f40, 4, 0;
    %pushi/vec4 2, 0, 32;
    %ix/load 4, 7, 0;
    %flag_set/imm 4, 0;
    %store/vec4a v0x55e7da718f40, 4, 0;
    %pushi/vec4 3, 0, 32;
    %ix/load 4, 8, 0;
    %flag_set/imm 4, 0;
    %store/vec4a v0x55e7da718f40, 4, 0;
    %pushi/vec4 4, 0, 32;
    %ix/load 4, 9, 0;
    %flag_set/imm 4, 0;
    %store/vec4a v0x55e7da718f40, 4, 0;
    %pushi/vec4 10, 0, 32;
    %ix/load 4, 10, 0;
    %flag_set/imm 4, 0;
    %store/vec4a v0x55e7da718f40, 4, 0;
    %pushi/vec4 7, 0, 32;
    %ix/load 4, 11, 0;
    %flag_set/imm 4, 0;
    %store/vec4a v0x55e7da718f40, 4, 0;
    %pushi/vec4 8, 0, 32;
    %ix/load 4, 12, 0;
    %flag_set/imm 4, 0;
    %store/vec4a v0x55e7da718f40, 4, 0;
    %pushi/vec4 9, 0, 32;
    %ix/load 4, 13, 0;
    %flag_set/imm 4, 0;
    %store/vec4a v0x55e7da718f40, 4, 0;
    %pushi/vec4 1, 0, 32;
    %ix/load 4, 14, 0;
    %flag_set/imm 4, 0;
    %store/vec4a v0x55e7da718f40, 4, 0;
    %pushi/vec4 11, 0, 32;
    %ix/load 4, 15, 0;
    %flag_set/imm 4, 0;
    %store/vec4a v0x55e7da718f40, 4, 0;
    %pushi/vec4 7, 0, 32;
    %ix/load 4, 16, 0;
    %flag_set/imm 4, 0;
    %store/vec4a v0x55e7da718f40, 4, 0;
    %pushi/vec4 8, 0, 32;
    %ix/load 4, 17, 0;
    %flag_set/imm 4, 0;
    %store/vec4a v0x55e7da718f40, 4, 0;
    %pushi/vec4 9, 0, 32;
    %ix/load 4, 18, 0;
    %flag_set/imm 4, 0;
    %store/vec4a v0x55e7da718f40, 4, 0;
    %pushi/vec4 1, 0, 32;
    %ix/load 4, 19, 0;
    %flag_set/imm 4, 0;
    %store/vec4a v0x55e7da718f40, 4, 0;
    %pushi/vec4 11, 0, 32;
    %ix/load 4, 20, 0;
    %flag_set/imm 4, 0;
    %store/vec4a v0x55e7da718f40, 4, 0;
    %pushi/vec4 4, 0, 32;
    %ix/load 4, 21, 0;
    %flag_set/imm 4, 0;
    %store/vec4a v0x55e7da718f40, 4, 0;
    %pushi/vec4 7, 0, 32;
    %ix/load 4, 22, 0;
    %flag_set/imm 4, 0;
    %store/vec4a v0x55e7da718f40, 4, 0;
    %pushi/vec4 10, 0, 32;
    %ix/load 4, 23, 0;
    %flag_set/imm 4, 0;
    %store/vec4a v0x55e7da718f40, 4, 0;
    %end;
    .thread T_9;
    .scope S_0x55e7da6d3e20;
T_10 ;
    %wait E_0x55e7da690af0;
    %pushi/vec4 0, 0, 32;
    %store/vec4 v0x55e7da71da30_0, 0, 32;
T_10.0 ;
    %load/vec4 v0x55e7da71da30_0;
    %cmpi/s 23, 0, 32;
    %flag_or 5, 4;
    %jmp/0xz T_10.1, 5;
    %ix/getv/s 4, v0x55e7da71da30_0;
    %load/vec4a v0x55e7da718f40, 4;
    %store/vec4 v0x55e7da719030_0, 0, 32;
    %load/vec4 v0x55e7da719030_0;
    %cmpi/e 10, 0, 32;
    %flag_mov 8, 4;
    %load/vec4 v0x55e7da719030_0;
    %cmpi/e 11, 0, 32;
    %flag_or 4, 8;
    %jmp/0xz  T_10.2, 4;
    %delay 100000, 0;
T_10.2 ;
    %wait E_0x55e7da690af0;
    %wait E_0x55e7da690af0;
    %wait E_0x55e7da690af0;
    %wait E_0x55e7da690af0;
    %wait E_0x55e7da690af0;
    %wait E_0x55e7da690af0;
    %wait E_0x55e7da690af0;
    %load/vec4 v0x55e7da719610_0;
    %cmpi/e 1, 0, 1;
    %jmp/0xz  T_10.4, 4;
    %load/vec4 v0x55e7da7191e0_0;
    %pad/u 32;
    %load/vec4 v0x55e7da719030_0;
    %cmp/e;
    %flag_get/vec4 4;
    %inv;
    %flag_set/vec4 8;
    %jmp/0xz  T_10.6, 8;
    %vpi_call 2 96 "$display", "Numbers don't match." {0 0 0};
T_10.6 ;
T_10.4 ;
    %pushi/vec4 15, 0, 32;
    %store/vec4 v0x55e7da719030_0, 0, 32;
    %wait E_0x55e7da690af0;
    %wait E_0x55e7da690af0;
    %wait E_0x55e7da690af0;
    %load/vec4 v0x55e7da71dbb0_0;
    %pad/u 32;
    %cmpi/e 1, 0, 32;
    %jmp/0xz  T_10.8, 4;
    %delay 100000, 0;
T_10.8 ;
    %load/vec4 v0x55e7da71da30_0;
    %addi 1, 0, 32;
    %store/vec4 v0x55e7da71da30_0, 0, 32;
    %jmp T_10.0;
T_10.1 ;
    %vpi_call 2 104 "$display", "Test Complete." {0 0 0};
    %vpi_call 2 105 "$finish" {0 0 0};
    %jmp T_10;
    .thread T_10;
# The file index is used to find the file name in the following table.
:file_names 5;
    "N/A";
    "<interactive>";
    "tb_store_reg.v";
    "doorlock_reg.v";
    "keypad_scanner.v";
